<component name="libraryTable">
  <library name="junit-platform-console-standalone-1.8.0-M1 (2)">
    <CLASSES>
      <root url="jar://$PROJECT_DIR$/junit-platform-console-standalone-1.8.0-M1.jar!/" />
    </CLASSES>
    <JAVADOC />
    <SOURCES />
  </library>
</component>